// auto-generated by lnp-tbox.sage.
// 
// protocol is statistically complete with correctness error >= 1 - 2^(-3)
// protocol is simulatable under MLWE(29,32,[-1,1])
// protocol is knowledge-sound with knowledge error <= 2^(-127.0) under MSIS(20,92,2^(38.62043))
// 
// Ring
// degree d = 64
// modulus q = 70368744178037, log(q) ~ 46.0
// factors q = q1
// 
// Compression
// D = 12
// gamma = 1697876, log(gamma) ~ 20.6953
// 
// Dimensions of secrets
// s1: m1 = 26
// m: l = 0
// s2: m2 = 66
// 
// Size of secrets
// l2(s1) <= alpha = 3438.0
// m unbounded
// s2 uniform in [-nu,nu] = [-1,1]
// 
// Norm proofs
// binary: no
// exact euclidean: no
// approximate infinity: yes (psi: 2828.8679, dimension: 68, bound: 84.2700000000000)
// 
// Challenge space
// c uniform in [-omega,omega] = [-8,8], o(c)=c, sqrt(l1(o(c)*c)) <= eta = 140
// 
// Standard deviations
// stdev1 = 6501171.2, log(stdev1/1.55) = 22.0
// stdev2 = 6348.8, log(stdev2/1.55) = 12.0
// stdev3 = 99.2, log(stdev3/1.55) = 6.0
// stdev4 = 406323.2, log(stdev4/1.55) = 18.0
// stdev5 = 104018739.2, log(stdev4/1.55) = 26.0
// 
// Repetition rate
// M1 = 2.698803
// M2 = 2.7926505
// M3 = 1.0172703
// M4 = 1.0244137
// M5 = 1.5194622
// total = 11.934094
// 
// Security
// MSIS dimension: 20
// MSIS root hermite factor: 1.0043993
// MLWE dimension: 29
// MLWE root hermite factor: 1.004382
// 
// Proof size
// ~ 23.9687500000000 KiB
// 
// 50 bit moduli for degree 64: [1125899906840833, 1125899906839937, 1125899906837633]
// bit length of products: [49, 99, 149]
// inverses: [1, -162099428551732, 296975494591860]

#include "lazer.h"
static const limb_t _paramsTP_q_limbs[] = {70368744178037UL};
static const int_t _paramsTP_q = {{(limb_t *)_paramsTP_q_limbs, 1, 0}};
static const limb_t _paramsTP_qminus1_limbs[] = {70368744178036UL};
static const int_t _paramsTP_qminus1 = {{(limb_t *)_paramsTP_qminus1_limbs, 1, 0}};
static const limb_t _paramsTP_m_limbs[] = {41445161UL};
static const int_t _paramsTP_m = {{(limb_t *)_paramsTP_m_limbs, 1, 0}};
static const limb_t _paramsTP_mby2_limbs[] = {41445161/2UL};
static const int_t _paramsTP_mby2 = {{(limb_t *)_paramsTP_mby2_limbs, 1, 0}};
static const limb_t _paramsTP_gamma_limbs[] = {1697876UL};
static const int_t _paramsTP_gamma = {{(limb_t *)_paramsTP_gamma_limbs, 1, 0}};
static const limb_t _paramsTP_gammaby2_limbs[] = {848938UL};
static const int_t _paramsTP_gammaby2 = {{(limb_t *)_paramsTP_gammaby2_limbs, 1, 0}};
static const limb_t _paramsTP_pow2D_limbs[] = {4096UL};
static const int_t _paramsTP_pow2D = {{(limb_t *)_paramsTP_pow2D_limbs, 1, 0}};
static const limb_t _paramsTP_pow2Dby2_limbs[] = {2048UL};
static const int_t _paramsTP_pow2Dby2 = {{(limb_t *)_paramsTP_pow2Dby2_limbs, 1, 0}};
static const limb_t _paramsTP_Bsq_limbs[] = {1698599818553477UL, 0UL};
static const int_t _paramsTP_Bsq = {{(limb_t *)_paramsTP_Bsq_limbs, 2, 0}};
static const limb_t _paramsTP_scM1_limbs[] = {6593415846131337376UL, 12890640451527280835UL, 2UL};
static const int_t _paramsTP_scM1 = {{(limb_t *)_paramsTP_scM1_limbs, 3, 0}};
static const limb_t _paramsTP_scM2_limbs[] = {7261040991291230726UL, 14621820181329630895UL, 2UL};
static const int_t _paramsTP_scM2 = {{(limb_t *)_paramsTP_scM2_limbs, 3, 0}};
static const limb_t _paramsTP_scM3_limbs[] = {1655797669362676316UL, 318580927907168899UL, 1UL};
static const int_t _paramsTP_scM3 = {{(limb_t *)_paramsTP_scM3_limbs, 3, 0}};
static const limb_t _paramsTP_scM4_limbs[] = {18155588121392592391UL, 450353888385704960UL, 1UL};
static const int_t _paramsTP_scM4 = {{(limb_t *)_paramsTP_scM4_limbs, 3, 0}};
static const limb_t _paramsTP_scM5_limbs[] = {10598653975651366065UL, 9582386882394602379UL, 1UL};
static const int_t _paramsTP_scM5 = {{(limb_t *)_paramsTP_scM5_limbs, 3, 0}};
static const limb_t _paramsTP_stdev1sq_limbs[] = {42265226971709UL, 0UL};
static const int_t _paramsTP_stdev1sq = {{(limb_t *)_paramsTP_stdev1sq_limbs, 2, 0}};
static const limb_t _paramsTP_stdev2sq_limbs[] = {40307261UL, 0UL};
static const int_t _paramsTP_stdev2sq = {{(limb_t *)_paramsTP_stdev2sq_limbs, 2, 0}};
static const limb_t _paramsTP_stdev3sq_limbs[] = {9841UL, 0UL};
static const int_t _paramsTP_stdev3sq = {{(limb_t *)_paramsTP_stdev3sq_limbs, 2, 0}};
static const limb_t _paramsTP_stdev4sq_limbs[] = {165098542858UL, 0UL};
static const int_t _paramsTP_stdev4sq = {{(limb_t *)_paramsTP_stdev4sq_limbs, 2, 0}};
static const limb_t _paramsTP_stdev5sq_limbs[] = {10819898104757617UL, 0UL};
static const int_t _paramsTP_stdev5sq = {{(limb_t *)_paramsTP_stdev5sq_limbs, 2, 0}};
static const limb_t _paramsTP_inv2_limbs[] = {35184372089018UL};
static const int_t _paramsTP_inv2 = {{(limb_t *)_paramsTP_inv2_limbs, 1, 1}};
static const limb_t _paramsTP_inv4_limbs[] = {17592186044509UL};
static const int_t _paramsTP_inv4 = {{(limb_t *)_paramsTP_inv4_limbs, 1, 1}};
static const unsigned int _paramsTP_n[0] = {};
static const limb_t _paramsTP_Bz3sqr_limbs[] = {6775650UL, 0UL};
static const int_t _paramsTP_Bz3sqr = {{(limb_t *)_paramsTP_Bz3sqr_limbs, 2, 0}};
static const limb_t _paramsTP_Bz4_limbs[] = {113676554463109UL, 0UL};
static const int_t _paramsTP_Bz4 = {{(limb_t *)_paramsTP_Bz4_limbs, 2, 0}};
static const limb_t _paramsTP_Bz5_limbs[] = {7449906673294357943UL, 0UL};
static const int_t _paramsTP_Bz5 = {{(limb_t *)_paramsTP_Bz5_limbs, 2, 0}};
static const limb_t _paramsTP_Pmodq_limbs[] = {735942275055UL};
static const int_t _paramsTP_Pmodq = {{(limb_t *)_paramsTP_Pmodq_limbs, 1, 1}};
static const limb_t _paramsTP_Ppmodq_0_limbs[] = {94850145UL};
static const int_t _paramsTP_Ppmodq_0 = {{(limb_t *)_paramsTP_Ppmodq_0_limbs, 1, 0}};
static const limb_t _paramsTP_Ppmodq_1_limbs[] = {85030881UL};
static const int_t _paramsTP_Ppmodq_1 = {{(limb_t *)_paramsTP_Ppmodq_1_limbs, 1, 0}};
static const limb_t _paramsTP_Ppmodq_2_limbs[] = {67154145UL};
static const int_t _paramsTP_Ppmodq_2 = {{(limb_t *)_paramsTP_Ppmodq_2_limbs, 1, 0}};
static const int_srcptr _paramsTP_l2Bsq[] = {};
static const int_srcptr _paramsTP_Ppmodq[] = {_paramsTP_Ppmodq_0, _paramsTP_Ppmodq_1, _paramsTP_Ppmodq_2};
static const polyring_t _paramsTP_ring = {{_paramsTP_q, 64, 47, 6, moduli_d64, 3, _paramsTP_Pmodq, _paramsTP_Ppmodq, _paramsTP_inv2}};
static const dcompress_params_t _paramsTP_dcomp = {{ _paramsTP_q, _paramsTP_qminus1, _paramsTP_m, _paramsTP_mby2, _paramsTP_gamma, _paramsTP_gammaby2, _paramsTP_pow2D, _paramsTP_pow2Dby2, 12, 1, 26 }};
static const abdlop_params_t _paramsTP_tbox = {{ _paramsTP_ring, _paramsTP_dcomp, 26, 66, 0, 13, 20, _paramsTP_Bsq, 1, 8, 5, 140, 1, 22, _paramsTP_scM1, _paramsTP_stdev1sq, 2, 12, _paramsTP_scM2, _paramsTP_stdev2sq}};
static const abdlop_params_t _paramsTP_quad_eval_ = {{ _paramsTP_ring, _paramsTP_dcomp, 26, 66, 10, 3, 20, _paramsTP_Bsq, 1, 8, 5, 140, 1, 22, _paramsTP_scM1, _paramsTP_stdev1sq, 2, 12, _paramsTP_scM2, _paramsTP_stdev2sq}};
static const abdlop_params_t _paramsTP_quad_many_ = {{ _paramsTP_ring, _paramsTP_dcomp, 26, 66, 12, 1, 20, _paramsTP_Bsq, 1, 8, 5, 140, 1, 22, _paramsTP_scM1, _paramsTP_stdev1sq, 2, 12, _paramsTP_scM2, _paramsTP_stdev2sq}};
static const lnp_quad_eval_params_t _paramsTP_quad_eval = {{ _paramsTP_quad_eval_, _paramsTP_quad_many_, 4}};
static const lnp_tbox_params_t _paramsTP = {{ _paramsTP_tbox, _paramsTP_quad_eval, 0, _paramsTP_n, 68, 0, 0, 2, 6, _paramsTP_scM3, _paramsTP_stdev3sq, 2, 18, _paramsTP_scM4, _paramsTP_stdev4sq, _paramsTP_Bz3sqr, _paramsTP_Bz4, &_paramsTP_l2Bsq[0], _paramsTP_inv4, 24544UL }};
static const add_lnp_tbox_params_t add_tbox_para = {{ 1, 16, 2, 26, _paramsTP_scM5, _paramsTP_stdev5sq,  _paramsTP_Bz5 }};


static const limb_t paramsTP_p_limbs[] = {70368744176221UL};
static const int_t paramsTP_p = {{(limb_t *)paramsTP_p_limbs, 1, 0}};
static const limb_t paramsTP_pinv_limbs[] = {7556115151276UL};
static const int_t paramsTP_pinv = {{(limb_t *)paramsTP_pinv_limbs, 1, 1}};
static const unsigned int paramsTP_s1_indices[26] = {0, 1, 2, 3, 4, 5, 6, 7, 8, 9, 10, 11, 12, 13, 14, 15, 16, 17, 18, 19, 20, 21, 22, 23, 24, 25};
static const lin_params_t paramsTP = {
{ _paramsTP, 64, paramsTP_p, paramsTP_pinv, 1, 
paramsTP_s1_indices, 26,
NULL, 0, 
NULL, 0, 
NULL, NULL, 
NULL, NULL }
};

